<?xml version="1.0" encoding="UTF-8"?>
<!-- Generated by org.testng.reporters.JUnitReportReporter -->
<testsuite skipped="0" hostname="exalogic-10" name="com.inmegh_school.test.regression.VerifyLoginPage_SC_001" tests="1" failures="0" timestamp="21 Nov 2017 12:02:11 GMT" time="2.228" errors="0">
  <testcase name="testValidLogin_TC_001" time="2.228" classname="com.inmegh_school.test.regression.VerifyLoginPage_SC_001"/>
</testsuite> <!-- com.inmegh_school.test.regression.VerifyLoginPage_SC_001 -->
